  main.cpp
C:\Users\olegk_y49ygml\OneDrive\Рабочий стол\University\IS-5sem\IS_lab2\IS_lab2\main.cpp(17,35): warning C4267: '=': conversion from 'size_t' to 'int', possible loss of data
C:\Users\olegk_y49ygml\OneDrive\Рабочий стол\University\IS-5sem\IS_lab2\IS_lab2\main.cpp(42,35): warning C4267: '=': conversion from 'size_t' to 'int', possible loss of data
C:\Users\olegk_y49ygml\OneDrive\Рабочий стол\University\IS-5sem\IS_lab2\IS_lab2\main.cpp(48,21): warning C4267: 'initializing': conversion from 'size_t' to 'int', possible loss of data
C:\Users\olegk_y49ygml\OneDrive\Рабочий стол\University\IS-5sem\IS_lab2\IS_lab2\main.cpp(55,15): warning C4566: character represented by universal-character-name '\u0412' cannot be represented in the current code page (1252)
C:\Users\olegk_y49ygml\OneDrive\Рабочий стол\University\IS-5sem\IS_lab2\IS_lab2\main.cpp(55,15): warning C4566: character represented by universal-character-name '\u0432' cannot be represented in the current code page (1252)
C:\Users\olegk_y49ygml\OneDrive\Рабочий стол\University\IS-5sem\IS_lab2\IS_lab2\main.cpp(55,15): warning C4566: character represented by universal-character-name '\u0435' cannot be represented in the current code page (1252)
C:\Users\olegk_y49ygml\OneDrive\Рабочий стол\University\IS-5sem\IS_lab2\IS_lab2\main.cpp(55,15): warning C4566: character represented by universal-character-name '\u0434' cannot be represented in the current code page (1252)
C:\Users\olegk_y49ygml\OneDrive\Рабочий стол\University\IS-5sem\IS_lab2\IS_lab2\main.cpp(55,15): warning C4566: character represented by universal-character-name '\u0438' cannot be represented in the current code page (1252)
C:\Users\olegk_y49ygml\OneDrive\Рабочий стол\University\IS-5sem\IS_lab2\IS_lab2\main.cpp(55,15): warning C4566: character represented by universal-character-name '\u0442' cannot be represented in the current code page (1252)
C:\Users\olegk_y49ygml\OneDrive\Рабочий стол\University\IS-5sem\IS_lab2\IS_lab2\main.cpp(55,15): warning C4566: character represented by universal-character-name '\u043D' cannot be represented in the current code page (1252)
C:\Users\olegk_y49ygml\OneDrive\Рабочий стол\University\IS-5sem\IS_lab2\IS_lab2\main.cpp(55,15): warning C4566: character represented by universal-character-name '\u0430' cannot be represented in the current code page (1252)
C:\Users\olegk_y49ygml\OneDrive\Рабочий стол\University\IS-5sem\IS_lab2\IS_lab2\main.cpp(55,15): warning C4566: character represented by universal-character-name '\u0437' cannot be represented in the current code page (1252)
C:\Users\olegk_y49ygml\OneDrive\Рабочий стол\University\IS-5sem\IS_lab2\IS_lab2\main.cpp(55,15): warning C4566: character represented by universal-character-name '\u0444' cannot be represented in the current code page (1252)
C:\Users\olegk_y49ygml\OneDrive\Рабочий стол\University\IS-5sem\IS_lab2\IS_lab2\main.cpp(55,15): warning C4566: character represented by universal-character-name '\u0439' cannot be represented in the current code page (1252)
C:\Users\olegk_y49ygml\OneDrive\Рабочий стол\University\IS-5sem\IS_lab2\IS_lab2\main.cpp(55,15): warning C4566: character represented by universal-character-name '\u043B' cannot be represented in the current code page (1252)
C:\Users\olegk_y49ygml\OneDrive\Рабочий стол\University\IS-5sem\IS_lab2\IS_lab2\main.cpp(55,15): warning C4566: character represented by universal-character-name '\u0441' cannot be represented in the current code page (1252)
C:\Users\olegk_y49ygml\OneDrive\Рабочий стол\University\IS-5sem\IS_lab2\IS_lab2\main.cpp(55,15): warning C4566: character represented by universal-character-name '\u044D' cannot be represented in the current code page (1252)
C:\Users\olegk_y49ygml\OneDrive\Рабочий стол\University\IS-5sem\IS_lab2\IS_lab2\main.cpp(55,15): warning C4566: character represented by universal-character-name '\u043E' cannot be represented in the current code page (1252)
C:\Users\olegk_y49ygml\OneDrive\Рабочий стол\University\IS-5sem\IS_lab2\IS_lab2\main.cpp(55,15): warning C4566: character represented by universal-character-name '\u044B' cannot be represented in the current code page (1252)
C:\Users\olegk_y49ygml\OneDrive\Рабочий стол\University\IS-5sem\IS_lab2\IS_lab2\main.cpp(55,15): warning C4566: character represented by universal-character-name '\u043C' cannot be represented in the current code page (1252)
C:\Users\olegk_y49ygml\OneDrive\Рабочий стол\University\IS-5sem\IS_lab2\IS_lab2\main.cpp(55,15): warning C4566: character represented by universal-character-name '\u043A' cannot be represented in the current code page (1252)
C:\Users\olegk_y49ygml\OneDrive\Рабочий стол\University\IS-5sem\IS_lab2\IS_lab2\main.cpp(65,66): warning C4566: character represented by universal-character-name '\u0421' cannot be represented in the current code page (1252)
C:\Users\olegk_y49ygml\OneDrive\Рабочий стол\University\IS-5sem\IS_lab2\IS_lab2\main.cpp(65,66): warning C4566: character represented by universal-character-name '\u0438' cannot be represented in the current code page (1252)
C:\Users\olegk_y49ygml\OneDrive\Рабочий стол\University\IS-5sem\IS_lab2\IS_lab2\main.cpp(65,66): warning C4566: character represented by universal-character-name '\u043C' cannot be represented in the current code page (1252)
C:\Users\olegk_y49ygml\OneDrive\Рабочий стол\University\IS-5sem\IS_lab2\IS_lab2\main.cpp(65,66): warning C4566: character represented by universal-character-name '\u0432' cannot be represented in the current code page (1252)
C:\Users\olegk_y49ygml\OneDrive\Рабочий стол\University\IS-5sem\IS_lab2\IS_lab2\main.cpp(65,66): warning C4566: character represented by universal-character-name '\u043E' cannot be represented in the current code page (1252)
C:\Users\olegk_y49ygml\OneDrive\Рабочий стол\University\IS-5sem\IS_lab2\IS_lab2\main.cpp(65,66): warning C4566: character represented by universal-character-name '\u043B' cannot be represented in the current code page (1252)
C:\Users\olegk_y49ygml\OneDrive\Рабочий стол\University\IS-5sem\IS_lab2\IS_lab2\main.cpp(65,103): warning C4566: character represented by universal-character-name '\u0427' cannot be represented in the current code page (1252)
C:\Users\olegk_y49ygml\OneDrive\Рабочий стол\University\IS-5sem\IS_lab2\IS_lab2\main.cpp(65,103): warning C4566: character represented by universal-character-name '\u0430' cannot be represented in the current code page (1252)
C:\Users\olegk_y49ygml\OneDrive\Рабочий стол\University\IS-5sem\IS_lab2\IS_lab2\main.cpp(65,103): warning C4566: character represented by universal-character-name '\u0441' cannot be represented in the current code page (1252)
C:\Users\olegk_y49ygml\OneDrive\Рабочий стол\University\IS-5sem\IS_lab2\IS_lab2\main.cpp(65,103): warning C4566: character represented by universal-character-name '\u0442' cannot be represented in the current code page (1252)
C:\Users\olegk_y49ygml\OneDrive\Рабочий стол\University\IS-5sem\IS_lab2\IS_lab2\main.cpp(65,103): warning C4566: character represented by universal-character-name '\u043E' cannot be represented in the current code page (1252)
C:\Users\olegk_y49ygml\OneDrive\Рабочий стол\University\IS-5sem\IS_lab2\IS_lab2\main.cpp(67,15): warning C4566: character represented by universal-character-name '\u0418' cannot be represented in the current code page (1252)
C:\Users\olegk_y49ygml\OneDrive\Рабочий стол\University\IS-5sem\IS_lab2\IS_lab2\main.cpp(67,15): warning C4566: character represented by universal-character-name '\u043D' cannot be represented in the current code page (1252)
C:\Users\olegk_y49ygml\OneDrive\Рабочий стол\University\IS-5sem\IS_lab2\IS_lab2\main.cpp(67,15): warning C4566: character represented by universal-character-name '\u0434' cannot be represented in the current code page (1252)
C:\Users\olegk_y49ygml\OneDrive\Рабочий стол\University\IS-5sem\IS_lab2\IS_lab2\main.cpp(67,15): warning C4566: character represented by universal-character-name '\u0435' cannot be represented in the current code page (1252)
C:\Users\olegk_y49ygml\OneDrive\Рабочий стол\University\IS-5sem\IS_lab2\IS_lab2\main.cpp(67,15): warning C4566: character represented by universal-character-name '\u043A' cannot be represented in the current code page (1252)
C:\Users\olegk_y49ygml\OneDrive\Рабочий стол\University\IS-5sem\IS_lab2\IS_lab2\main.cpp(67,15): warning C4566: character represented by universal-character-name '\u0441' cannot be represented in the current code page (1252)
C:\Users\olegk_y49ygml\OneDrive\Рабочий стол\University\IS-5sem\IS_lab2\IS_lab2\main.cpp(67,15): warning C4566: character represented by universal-character-name '\u043E' cannot be represented in the current code page (1252)
C:\Users\olegk_y49ygml\OneDrive\Рабочий стол\University\IS-5sem\IS_lab2\IS_lab2\main.cpp(67,15): warning C4566: character represented by universal-character-name '\u0442' cannot be represented in the current code page (1252)
C:\Users\olegk_y49ygml\OneDrive\Рабочий стол\University\IS-5sem\IS_lab2\IS_lab2\main.cpp(67,15): warning C4566: character represented by universal-character-name '\u0432' cannot be represented in the current code page (1252)
C:\Users\olegk_y49ygml\OneDrive\Рабочий стол\University\IS-5sem\IS_lab2\IS_lab2\main.cpp(67,15): warning C4566: character represented by universal-character-name '\u0438' cannot be represented in the current code page (1252)
C:\Users\olegk_y49ygml\OneDrive\Рабочий стол\University\IS-5sem\IS_lab2\IS_lab2\main.cpp(67,15): warning C4566: character represented by universal-character-name '\u044F' cannot be represented in the current code page (1252)
C:\Users\olegk_y49ygml\OneDrive\Рабочий стол\University\IS-5sem\IS_lab2\IS_lab2\main.cpp(85,15): warning C4566: character represented by universal-character-name '\u0412' cannot be represented in the current code page (1252)
C:\Users\olegk_y49ygml\OneDrive\Рабочий стол\University\IS-5sem\IS_lab2\IS_lab2\main.cpp(85,15): warning C4566: character represented by universal-character-name '\u0432' cannot be represented in the current code page (1252)
C:\Users\olegk_y49ygml\OneDrive\Рабочий стол\University\IS-5sem\IS_lab2\IS_lab2\main.cpp(85,15): warning C4566: character represented by universal-character-name '\u0435' cannot be represented in the current code page (1252)
C:\Users\olegk_y49ygml\OneDrive\Рабочий стол\University\IS-5sem\IS_lab2\IS_lab2\main.cpp(85,15): warning C4566: character represented by universal-character-name '\u0434' cannot be represented in the current code page (1252)
C:\Users\olegk_y49ygml\OneDrive\Рабочий стол\University\IS-5sem\IS_lab2\IS_lab2\main.cpp(85,15): warning C4566: character represented by universal-character-name '\u0438' cannot be represented in the current code page (1252)
C:\Users\olegk_y49ygml\OneDrive\Рабочий стол\University\IS-5sem\IS_lab2\IS_lab2\main.cpp(85,15): warning C4566: character represented by universal-character-name '\u0442' cannot be represented in the current code page (1252)
C:\Users\olegk_y49ygml\OneDrive\Рабочий стол\University\IS-5sem\IS_lab2\IS_lab2\main.cpp(85,15): warning C4566: character represented by universal-character-name '\u043D' cannot be represented in the current code page (1252)
C:\Users\olegk_y49ygml\OneDrive\Рабочий стол\University\IS-5sem\IS_lab2\IS_lab2\main.cpp(85,15): warning C4566: character represented by universal-character-name '\u0430' cannot be represented in the current code page (1252)
C:\Users\olegk_y49ygml\OneDrive\Рабочий стол\University\IS-5sem\IS_lab2\IS_lab2\main.cpp(85,15): warning C4566: character represented by universal-character-name '\u0437' cannot be represented in the current code page (1252)
C:\Users\olegk_y49ygml\OneDrive\Рабочий стол\University\IS-5sem\IS_lab2\IS_lab2\main.cpp(85,15): warning C4566: character represented by universal-character-name '\u0444' cannot be represented in the current code page (1252)
C:\Users\olegk_y49ygml\OneDrive\Рабочий стол\University\IS-5sem\IS_lab2\IS_lab2\main.cpp(85,15): warning C4566: character represented by universal-character-name '\u0439' cannot be represented in the current code page (1252)
C:\Users\olegk_y49ygml\OneDrive\Рабочий стол\University\IS-5sem\IS_lab2\IS_lab2\main.cpp(85,15): warning C4566: character represented by universal-character-name '\u043B' cannot be represented in the current code page (1252)
C:\Users\olegk_y49ygml\OneDrive\Рабочий стол\University\IS-5sem\IS_lab2\IS_lab2\main.cpp(85,15): warning C4566: character represented by universal-character-name '\u0441' cannot be represented in the current code page (1252)
C:\Users\olegk_y49ygml\OneDrive\Рабочий стол\University\IS-5sem\IS_lab2\IS_lab2\main.cpp(85,15): warning C4566: character represented by universal-character-name '\u0448' cannot be represented in the current code page (1252)
C:\Users\olegk_y49ygml\OneDrive\Рабочий стол\University\IS-5sem\IS_lab2\IS_lab2\main.cpp(85,15): warning C4566: character represented by universal-character-name '\u0440' cannot be represented in the current code page (1252)
C:\Users\olegk_y49ygml\OneDrive\Рабочий стол\University\IS-5sem\IS_lab2\IS_lab2\main.cpp(85,15): warning C4566: character represented by universal-character-name '\u043E' cannot be represented in the current code page (1252)
C:\Users\olegk_y49ygml\OneDrive\Рабочий стол\University\IS-5sem\IS_lab2\IS_lab2\main.cpp(85,15): warning C4566: character represented by universal-character-name '\u044B' cannot be represented in the current code page (1252)
C:\Users\olegk_y49ygml\OneDrive\Рабочий стол\University\IS-5sem\IS_lab2\IS_lab2\main.cpp(85,15): warning C4566: character represented by universal-character-name '\u043C' cannot be represented in the current code page (1252)
C:\Users\olegk_y49ygml\OneDrive\Рабочий стол\University\IS-5sem\IS_lab2\IS_lab2\main.cpp(85,15): warning C4566: character represented by universal-character-name '\u043A' cannot be represented in the current code page (1252)
C:\Users\olegk_y49ygml\OneDrive\Рабочий стол\University\IS-5sem\IS_lab2\IS_lab2\main.cpp(102,16): warning C4566: character represented by universal-character-name '\u0414' cannot be represented in the current code page (1252)
C:\Users\olegk_y49ygml\OneDrive\Рабочий стол\University\IS-5sem\IS_lab2\IS_lab2\main.cpp(102,16): warning C4566: character represented by universal-character-name '\u043B' cannot be represented in the current code page (1252)
C:\Users\olegk_y49ygml\OneDrive\Рабочий стол\University\IS-5sem\IS_lab2\IS_lab2\main.cpp(102,16): warning C4566: character represented by universal-character-name '\u0438' cannot be represented in the current code page (1252)
C:\Users\olegk_y49ygml\OneDrive\Рабочий стол\University\IS-5sem\IS_lab2\IS_lab2\main.cpp(102,16): warning C4566: character represented by universal-character-name '\u043D' cannot be represented in the current code page (1252)
C:\Users\olegk_y49ygml\OneDrive\Рабочий стол\University\IS-5sem\IS_lab2\IS_lab2\main.cpp(102,16): warning C4566: character represented by universal-character-name '\u0430' cannot be represented in the current code page (1252)
C:\Users\olegk_y49ygml\OneDrive\Рабочий стол\University\IS-5sem\IS_lab2\IS_lab2\main.cpp(102,16): warning C4566: character represented by universal-character-name '\u043A' cannot be represented in the current code page (1252)
C:\Users\olegk_y49ygml\OneDrive\Рабочий стол\University\IS-5sem\IS_lab2\IS_lab2\main.cpp(102,16): warning C4566: character represented by universal-character-name '\u044E' cannot be represented in the current code page (1252)
C:\Users\olegk_y49ygml\OneDrive\Рабочий стол\University\IS-5sem\IS_lab2\IS_lab2\main.cpp(102,16): warning C4566: character represented by universal-character-name '\u0447' cannot be represented in the current code page (1252)
C:\Users\olegk_y49ygml\OneDrive\Рабочий стол\University\IS-5sem\IS_lab2\IS_lab2\main.cpp(102,58): warning C4566: character represented by universal-character-name '\u0418' cannot be represented in the current code page (1252)
C:\Users\olegk_y49ygml\OneDrive\Рабочий стол\University\IS-5sem\IS_lab2\IS_lab2\main.cpp(102,58): warning C4566: character represented by universal-character-name '\u043D' cannot be represented in the current code page (1252)
C:\Users\olegk_y49ygml\OneDrive\Рабочий стол\University\IS-5sem\IS_lab2\IS_lab2\main.cpp(102,58): warning C4566: character represented by universal-character-name '\u0434' cannot be represented in the current code page (1252)
C:\Users\olegk_y49ygml\OneDrive\Рабочий стол\University\IS-5sem\IS_lab2\IS_lab2\main.cpp(102,58): warning C4566: character represented by universal-character-name '\u0435' cannot be represented in the current code page (1252)
C:\Users\olegk_y49ygml\OneDrive\Рабочий стол\University\IS-5sem\IS_lab2\IS_lab2\main.cpp(102,58): warning C4566: character represented by universal-character-name '\u043A' cannot be represented in the current code page (1252)
C:\Users\olegk_y49ygml\OneDrive\Рабочий стол\University\IS-5sem\IS_lab2\IS_lab2\main.cpp(102,58): warning C4566: character represented by universal-character-name '\u0441' cannot be represented in the current code page (1252)
C:\Users\olegk_y49ygml\OneDrive\Рабочий стол\University\IS-5sem\IS_lab2\IS_lab2\main.cpp(102,58): warning C4566: character represented by universal-character-name '\u043E' cannot be represented in the current code page (1252)
C:\Users\olegk_y49ygml\OneDrive\Рабочий стол\University\IS-5sem\IS_lab2\IS_lab2\main.cpp(102,58): warning C4566: character represented by universal-character-name '\u0442' cannot be represented in the current code page (1252)
C:\Users\olegk_y49ygml\OneDrive\Рабочий стол\University\IS-5sem\IS_lab2\IS_lab2\main.cpp(102,58): warning C4566: character represented by universal-character-name '\u0432' cannot be represented in the current code page (1252)
C:\Users\olegk_y49ygml\OneDrive\Рабочий стол\University\IS-5sem\IS_lab2\IS_lab2\main.cpp(102,58): warning C4566: character represented by universal-character-name '\u0438' cannot be represented in the current code page (1252)
C:\Users\olegk_y49ygml\OneDrive\Рабочий стол\University\IS-5sem\IS_lab2\IS_lab2\main.cpp(102,58): warning C4566: character represented by universal-character-name '\u044F' cannot be represented in the current code page (1252)
C:\Users\olegk_y49ygml\OneDrive\Рабочий стол\University\IS-5sem\IS_lab2\IS_lab2\main.cpp(110,10): warning C4566: character represented by universal-character-name '\u041F' cannot be represented in the current code page (1252)
C:\Users\olegk_y49ygml\OneDrive\Рабочий стол\University\IS-5sem\IS_lab2\IS_lab2\main.cpp(110,10): warning C4566: character represented by universal-character-name '\u0440' cannot be represented in the current code page (1252)
C:\Users\olegk_y49ygml\OneDrive\Рабочий стол\University\IS-5sem\IS_lab2\IS_lab2\main.cpp(110,10): warning C4566: character represented by universal-character-name '\u0435' cannot be represented in the current code page (1252)
C:\Users\olegk_y49ygml\OneDrive\Рабочий стол\University\IS-5sem\IS_lab2\IS_lab2\main.cpp(110,10): warning C4566: character represented by universal-character-name '\u0434' cannot be represented in the current code page (1252)
C:\Users\olegk_y49ygml\OneDrive\Рабочий стол\University\IS-5sem\IS_lab2\IS_lab2\main.cpp(110,10): warning C4566: character represented by universal-character-name '\u043F' cannot be represented in the current code page (1252)
C:\Users\olegk_y49ygml\OneDrive\Рабочий стол\University\IS-5sem\IS_lab2\IS_lab2\main.cpp(110,10): warning C4566: character represented by universal-character-name '\u043E' cannot be represented in the current code page (1252)
C:\Users\olegk_y49ygml\OneDrive\Рабочий стол\University\IS-5sem\IS_lab2\IS_lab2\main.cpp(110,10): warning C4566: character represented by universal-character-name '\u043B' cannot be represented in the current code page (1252)
C:\Users\olegk_y49ygml\OneDrive\Рабочий стол\University\IS-5sem\IS_lab2\IS_lab2\main.cpp(110,10): warning C4566: character represented by universal-character-name '\u0430' cannot be represented in the current code page (1252)
C:\Users\olegk_y49ygml\OneDrive\Рабочий стол\University\IS-5sem\IS_lab2\IS_lab2\main.cpp(110,10): warning C4566: character represented by universal-character-name '\u0433' cannot be represented in the current code page (1252)
C:\Users\olegk_y49ygml\OneDrive\Рабочий стол\University\IS-5sem\IS_lab2\IS_lab2\main.cpp(110,10): warning C4566: character represented by universal-character-name '\u043C' cannot be represented in the current code page (1252)
C:\Users\olegk_y49ygml\OneDrive\Рабочий стол\University\IS-5sem\IS_lab2\IS_lab2\main.cpp(110,10): warning C4566: character represented by universal-character-name '\u044F' cannot be represented in the current code page (1252)
C:\Users\olegk_y49ygml\OneDrive\Рабочий стол\University\IS-5sem\IS_lab2\IS_lab2\main.cpp(110,10): warning C4566: character represented by universal-character-name '\u0438' cannot be represented in the current code page (1252)
C:\Users\olegk_y49ygml\OneDrive\Рабочий стол\University\IS-5sem\IS_lab2\IS_lab2\main.cpp(110,10): warning C4566: character represented by universal-character-name '\u043D' cannot be represented in the current code page (1252)
C:\Users\olegk_y49ygml\OneDrive\Рабочий стол\University\IS-5sem\IS_lab2\IS_lab2\main.cpp(110,10): warning C4566: character represented by universal-character-name '\u043A' cannot be represented in the current code page (1252)
C:\Users\olegk_y49ygml\OneDrive\Рабочий стол\University\IS-5sem\IS_lab2\IS_lab2\main.cpp(110,10): warning C4566: character represented by universal-character-name '\u044E' cannot be represented in the current code page (1252)
C:\Users\olegk_y49ygml\OneDrive\Рабочий стол\University\IS-5sem\IS_lab2\IS_lab2\main.cpp(110,10): warning C4566: character represented by universal-character-name '\u0447' cannot be represented in the current code page (1252)
C:\Users\olegk_y49ygml\OneDrive\Рабочий стол\University\IS-5sem\IS_lab2\IS_lab2\main.cpp(116,15): warning C4566: character represented by universal-character-name '\u0412' cannot be represented in the current code page (1252)
C:\Users\olegk_y49ygml\OneDrive\Рабочий стол\University\IS-5sem\IS_lab2\IS_lab2\main.cpp(116,15): warning C4566: character represented by universal-character-name '\u0432' cannot be represented in the current code page (1252)
C:\Users\olegk_y49ygml\OneDrive\Рабочий стол\University\IS-5sem\IS_lab2\IS_lab2\main.cpp(116,15): warning C4566: character represented by universal-character-name '\u0435' cannot be represented in the current code page (1252)
C:\Users\olegk_y49ygml\OneDrive\Рабочий стол\University\IS-5sem\IS_lab2\IS_lab2\main.cpp(116,15): warning C4566: character represented by universal-character-name '\u0434' cannot be represented in the current code page (1252)
C:\Users\olegk_y49ygml\OneDrive\Рабочий стол\University\IS-5sem\IS_lab2\IS_lab2\main.cpp(116,15): warning C4566: character represented by universal-character-name '\u0438' cannot be represented in the current code page (1252)
C:\Users\olegk_y49ygml\OneDrive\Рабочий стол\University\IS-5sem\IS_lab2\IS_lab2\main.cpp(116,15): warning C4566: character represented by universal-character-name '\u0442' cannot be represented in the current code page (1252)
C:\Users\olegk_y49ygml\OneDrive\Рабочий стол\University\IS-5sem\IS_lab2\IS_lab2\main.cpp(116,15): warning C4566: character represented by universal-character-name '\u0441' cannot be represented in the current code page (1252)
C:\Users\olegk_y49ygml\OneDrive\Рабочий стол\University\IS-5sem\IS_lab2\IS_lab2\main.cpp(116,15): warning C4566: character represented by universal-character-name '\u043D' cannot be represented in the current code page (1252)
C:\Users\olegk_y49ygml\OneDrive\Рабочий стол\University\IS-5sem\IS_lab2\IS_lab2\main.cpp(116,15): warning C4566: character represented by universal-character-name '\u0443' cannot be represented in the current code page (1252)
C:\Users\olegk_y49ygml\OneDrive\Рабочий стол\University\IS-5sem\IS_lab2\IS_lab2\main.cpp(116,15): warning C4566: character represented by universal-character-name '\u044E' cannot be represented in the current code page (1252)
C:\Users\olegk_y49ygml\OneDrive\Рабочий стол\University\IS-5sem\IS_lab2\IS_lab2\main.cpp(116,15): warning C4566: character represented by universal-character-name '\u043B' cannot be represented in the current code page (1252)
C:\Users\olegk_y49ygml\OneDrive\Рабочий стол\University\IS-5sem\IS_lab2\IS_lab2\main.cpp(116,15): warning C4566: character represented by universal-character-name '\u043A' cannot be represented in the current code page (1252)
C:\Users\olegk_y49ygml\OneDrive\Рабочий стол\University\IS-5sem\IS_lab2\IS_lab2\main.cpp(116,15): warning C4566: character represented by universal-character-name '\u0447' cannot be represented in the current code page (1252)
C:\Users\olegk_y49ygml\OneDrive\Рабочий стол\University\IS-5sem\IS_lab2\IS_lab2\main.cpp(116,15): warning C4566: character represented by universal-character-name '\u0430' cannot be represented in the current code page (1252)
C:\Users\olegk_y49ygml\OneDrive\Рабочий стол\University\IS-5sem\IS_lab2\IS_lab2\main.cpp(130,15): warning C4566: character represented by universal-character-name '\u041A' cannot be represented in the current code page (1252)
C:\Users\olegk_y49ygml\OneDrive\Рабочий стол\University\IS-5sem\IS_lab2\IS_lab2\main.cpp(130,15): warning C4566: character represented by universal-character-name '\u043B' cannot be represented in the current code page (1252)
C:\Users\olegk_y49ygml\OneDrive\Рабочий стол\University\IS-5sem\IS_lab2\IS_lab2\main.cpp(130,15): warning C4566: character represented by universal-character-name '\u044E' cannot be represented in the current code page (1252)
C:\Users\olegk_y49ygml\OneDrive\Рабочий стол\University\IS-5sem\IS_lab2\IS_lab2\main.cpp(130,15): warning C4566: character represented by universal-character-name '\u0447' cannot be represented in the current code page (1252)
C:\Users\olegk_y49ygml\OneDrive\Рабочий стол\University\IS-5sem\IS_lab2\IS_lab2\main.cpp(132,15): warning C4566: character represented by universal-character-name '\u0412' cannot be represented in the current code page (1252)
C:\Users\olegk_y49ygml\OneDrive\Рабочий стол\University\IS-5sem\IS_lab2\IS_lab2\main.cpp(132,15): warning C4566: character represented by universal-character-name '\u0432' cannot be represented in the current code page (1252)
C:\Users\olegk_y49ygml\OneDrive\Рабочий стол\University\IS-5sem\IS_lab2\IS_lab2\main.cpp(132,15): warning C4566: character represented by universal-character-name '\u0435' cannot be represented in the current code page (1252)
C:\Users\olegk_y49ygml\OneDrive\Рабочий стол\University\IS-5sem\IS_lab2\IS_lab2\main.cpp(132,15): warning C4566: character represented by universal-character-name '\u0434' cannot be represented in the current code page (1252)
C:\Users\olegk_y49ygml\OneDrive\Рабочий стол\University\IS-5sem\IS_lab2\IS_lab2\main.cpp(132,15): warning C4566: character represented by universal-character-name '\u0438' cannot be represented in the current code page (1252)
C:\Users\olegk_y49ygml\OneDrive\Рабочий стол\University\IS-5sem\IS_lab2\IS_lab2\main.cpp(132,15): warning C4566: character represented by universal-character-name '\u0442' cannot be represented in the current code page (1252)
C:\Users\olegk_y49ygml\OneDrive\Рабочий стол\University\IS-5sem\IS_lab2\IS_lab2\main.cpp(132,15): warning C4566: character represented by universal-character-name '\u043D' cannot be represented in the current code page (1252)
C:\Users\olegk_y49ygml\OneDrive\Рабочий стол\University\IS-5sem\IS_lab2\IS_lab2\main.cpp(132,15): warning C4566: character represented by universal-character-name '\u0430' cannot be represented in the current code page (1252)
C:\Users\olegk_y49ygml\OneDrive\Рабочий стол\University\IS-5sem\IS_lab2\IS_lab2\main.cpp(132,15): warning C4566: character represented by universal-character-name '\u0437' cannot be represented in the current code page (1252)
C:\Users\olegk_y49ygml\OneDrive\Рабочий стол\University\IS-5sem\IS_lab2\IS_lab2\main.cpp(132,15): warning C4566: character represented by universal-character-name '\u0444' cannot be represented in the current code page (1252)
C:\Users\olegk_y49ygml\OneDrive\Рабочий стол\University\IS-5sem\IS_lab2\IS_lab2\main.cpp(132,15): warning C4566: character represented by universal-character-name '\u0439' cannot be represented in the current code page (1252)
C:\Users\olegk_y49ygml\OneDrive\Рабочий стол\University\IS-5sem\IS_lab2\IS_lab2\main.cpp(132,15): warning C4566: character represented by universal-character-name '\u043B' cannot be represented in the current code page (1252)
C:\Users\olegk_y49ygml\OneDrive\Рабочий стол\University\IS-5sem\IS_lab2\IS_lab2\main.cpp(132,15): warning C4566: character represented by universal-character-name '\u043A' cannot be represented in the current code page (1252)
C:\Users\olegk_y49ygml\OneDrive\Рабочий стол\University\IS-5sem\IS_lab2\IS_lab2\main.cpp(132,15): warning C4566: character represented by universal-character-name '\u0443' cannot be represented in the current code page (1252)
C:\Users\olegk_y49ygml\OneDrive\Рабочий стол\University\IS-5sem\IS_lab2\IS_lab2\main.cpp(132,15): warning C4566: character represented by universal-character-name '\u0441' cannot be represented in the current code page (1252)
C:\Users\olegk_y49ygml\OneDrive\Рабочий стол\University\IS-5sem\IS_lab2\IS_lab2\main.cpp(132,15): warning C4566: character represented by universal-character-name '\u043E' cannot be represented in the current code page (1252)
C:\Users\olegk_y49ygml\OneDrive\Рабочий стол\University\IS-5sem\IS_lab2\IS_lab2\main.cpp(132,15): warning C4566: character represented by universal-character-name '\u0445' cannot be represented in the current code page (1252)
C:\Users\olegk_y49ygml\OneDrive\Рабочий стол\University\IS-5sem\IS_lab2\IS_lab2\main.cpp(132,15): warning C4566: character represented by universal-character-name '\u0440' cannot be represented in the current code page (1252)
C:\Users\olegk_y49ygml\OneDrive\Рабочий стол\University\IS-5sem\IS_lab2\IS_lab2\main.cpp(132,15): warning C4566: character represented by universal-character-name '\u044C' cannot be represented in the current code page (1252)
C:\Users\olegk_y49ygml\OneDrive\Рабочий стол\University\IS-5sem\IS_lab2\IS_lab2\main.cpp(132,15): warning C4566: character represented by universal-character-name '\u0448' cannot be represented in the current code page (1252)
C:\Users\olegk_y49ygml\OneDrive\Рабочий стол\University\IS-5sem\IS_lab2\IS_lab2\main.cpp(132,15): warning C4566: character represented by universal-character-name '\u044B' cannot be represented in the current code page (1252)
C:\Users\olegk_y49ygml\OneDrive\Рабочий стол\University\IS-5sem\IS_lab2\IS_lab2\main.cpp(142,15): warning C4566: character represented by universal-character-name '\u0421' cannot be represented in the current code page (1252)
C:\Users\olegk_y49ygml\OneDrive\Рабочий стол\University\IS-5sem\IS_lab2\IS_lab2\main.cpp(142,15): warning C4566: character represented by universal-character-name '\u043E' cannot be represented in the current code page (1252)
C:\Users\olegk_y49ygml\OneDrive\Рабочий стол\University\IS-5sem\IS_lab2\IS_lab2\main.cpp(142,15): warning C4566: character represented by universal-character-name '\u0445' cannot be represented in the current code page (1252)
C:\Users\olegk_y49ygml\OneDrive\Рабочий стол\University\IS-5sem\IS_lab2\IS_lab2\main.cpp(142,15): warning C4566: character represented by universal-character-name '\u0440' cannot be represented in the current code page (1252)
C:\Users\olegk_y49ygml\OneDrive\Рабочий стол\University\IS-5sem\IS_lab2\IS_lab2\main.cpp(142,15): warning C4566: character represented by universal-character-name '\u0430' cannot be represented in the current code page (1252)
C:\Users\olegk_y49ygml\OneDrive\Рабочий стол\University\IS-5sem\IS_lab2\IS_lab2\main.cpp(142,15): warning C4566: character represented by universal-character-name '\u043D' cannot be represented in the current code page (1252)
C:\Users\olegk_y49ygml\OneDrive\Рабочий стол\University\IS-5sem\IS_lab2\IS_lab2\main.cpp(142,15): warning C4566: character represented by universal-character-name '\u0435' cannot be represented in the current code page (1252)
C:\Users\olegk_y49ygml\OneDrive\Рабочий стол\University\IS-5sem\IS_lab2\IS_lab2\main.cpp(82,6): warning C4101: 'keySize': unreferenced local variable
C:\Users\olegk_y49ygml\OneDrive\Рабочий стол\University\IS-5sem\IS_lab2\IS_lab2\main.cpp(151,16): warning C4566: character represented by universal-character-name '\u0410' cannot be represented in the current code page (1252)
C:\Users\olegk_y49ygml\OneDrive\Рабочий стол\University\IS-5sem\IS_lab2\IS_lab2\main.cpp(151,16): warning C4566: character represented by universal-character-name '\u043D' cannot be represented in the current code page (1252)
C:\Users\olegk_y49ygml\OneDrive\Рабочий стол\University\IS-5sem\IS_lab2\IS_lab2\main.cpp(151,16): warning C4566: character represented by universal-character-name '\u0430' cannot be represented in the current code page (1252)
C:\Users\olegk_y49ygml\OneDrive\Рабочий стол\University\IS-5sem\IS_lab2\IS_lab2\main.cpp(151,16): warning C4566: character represented by universal-character-name '\u043B' cannot be represented in the current code page (1252)
C:\Users\olegk_y49ygml\OneDrive\Рабочий стол\University\IS-5sem\IS_lab2\IS_lab2\main.cpp(151,16): warning C4566: character represented by universal-character-name '\u0438' cannot be represented in the current code page (1252)
C:\Users\olegk_y49ygml\OneDrive\Рабочий стол\University\IS-5sem\IS_lab2\IS_lab2\main.cpp(151,16): warning C4566: character represented by universal-character-name '\u0437' cannot be represented in the current code page (1252)
C:\Users\olegk_y49ygml\OneDrive\Рабочий стол\University\IS-5sem\IS_lab2\IS_lab2\main.cpp(151,16): warning C4566: character represented by universal-character-name '\u044D' cannot be represented in the current code page (1252)
C:\Users\olegk_y49ygml\OneDrive\Рабочий стол\University\IS-5sem\IS_lab2\IS_lab2\main.cpp(151,16): warning C4566: character represented by universal-character-name '\u0442' cannot be represented in the current code page (1252)
C:\Users\olegk_y49ygml\OneDrive\Рабочий стол\University\IS-5sem\IS_lab2\IS_lab2\main.cpp(151,16): warning C4566: character represented by universal-character-name '\u043E' cannot be represented in the current code page (1252)
C:\Users\olegk_y49ygml\OneDrive\Рабочий стол\University\IS-5sem\IS_lab2\IS_lab2\main.cpp(151,16): warning C4566: character represented by universal-character-name '\u0433' cannot be represented in the current code page (1252)
C:\Users\olegk_y49ygml\OneDrive\Рабочий стол\University\IS-5sem\IS_lab2\IS_lab2\main.cpp(151,16): warning C4566: character represented by universal-character-name '\u0435' cannot be represented in the current code page (1252)
C:\Users\olegk_y49ygml\OneDrive\Рабочий стол\University\IS-5sem\IS_lab2\IS_lab2\main.cpp(151,16): warning C4566: character represented by universal-character-name '\u043A' cannot be represented in the current code page (1252)
C:\Users\olegk_y49ygml\OneDrive\Рабочий стол\University\IS-5sem\IS_lab2\IS_lab2\main.cpp(151,16): warning C4566: character represented by universal-character-name '\u0441' cannot be represented in the current code page (1252)
C:\Users\olegk_y49ygml\OneDrive\Рабочий стол\University\IS-5sem\IS_lab2\IS_lab2\main.cpp(151,16): warning C4566: character represented by universal-character-name '\u0448' cannot be represented in the current code page (1252)
C:\Users\olegk_y49ygml\OneDrive\Рабочий стол\University\IS-5sem\IS_lab2\IS_lab2\main.cpp(151,16): warning C4566: character represented by universal-character-name '\u0444' cannot be represented in the current code page (1252)
C:\Users\olegk_y49ygml\OneDrive\Рабочий стол\University\IS-5sem\IS_lab2\IS_lab2\main.cpp(151,16): warning C4566: character represented by universal-character-name '\u0440' cannot be represented in the current code page (1252)
C:\Users\olegk_y49ygml\OneDrive\Рабочий стол\University\IS-5sem\IS_lab2\IS_lab2\main.cpp(151,16): warning C4566: character represented by universal-character-name '\u0432' cannot be represented in the current code page (1252)
C:\Users\olegk_y49ygml\OneDrive\Рабочий стол\University\IS-5sem\IS_lab2\IS_lab2\main.cpp(151,16): warning C4566: character represented by universal-character-name '\u0434' cannot be represented in the current code page (1252)
C:\Users\olegk_y49ygml\OneDrive\Рабочий стол\University\IS-5sem\IS_lab2\IS_lab2\main.cpp(152,16): warning C4566: character represented by universal-character-name '\u0412' cannot be represented in the current code page (1252)
C:\Users\olegk_y49ygml\OneDrive\Рабочий стол\University\IS-5sem\IS_lab2\IS_lab2\main.cpp(152,16): warning C4566: character represented by universal-character-name '\u044B' cannot be represented in the current code page (1252)
C:\Users\olegk_y49ygml\OneDrive\Рабочий стол\University\IS-5sem\IS_lab2\IS_lab2\main.cpp(152,16): warning C4566: character represented by universal-character-name '\u0445' cannot be represented in the current code page (1252)
C:\Users\olegk_y49ygml\OneDrive\Рабочий стол\University\IS-5sem\IS_lab2\IS_lab2\main.cpp(152,16): warning C4566: character represented by universal-character-name '\u043E' cannot be represented in the current code page (1252)
C:\Users\olegk_y49ygml\OneDrive\Рабочий стол\University\IS-5sem\IS_lab2\IS_lab2\main.cpp(152,16): warning C4566: character represented by universal-character-name '\u0434' cannot be represented in the current code page (1252)
C:\Users\olegk_y49ygml\OneDrive\Рабочий стол\University\IS-5sem\IS_lab2\IS_lab2\main.cpp(152,16): warning C4566: character represented by universal-character-name '\u0438' cannot be represented in the current code page (1252)
C:\Users\olegk_y49ygml\OneDrive\Рабочий стол\University\IS-5sem\IS_lab2\IS_lab2\main.cpp(152,16): warning C4566: character represented by universal-character-name '\u0437' cannot be represented in the current code page (1252)
C:\Users\olegk_y49ygml\OneDrive\Рабочий стол\University\IS-5sem\IS_lab2\IS_lab2\main.cpp(152,16): warning C4566: character represented by universal-character-name '\u043F' cannot be represented in the current code page (1252)
C:\Users\olegk_y49ygml\OneDrive\Рабочий стол\University\IS-5sem\IS_lab2\IS_lab2\main.cpp(152,16): warning C4566: character represented by universal-character-name '\u0440' cannot be represented in the current code page (1252)
C:\Users\olegk_y49ygml\OneDrive\Рабочий стол\University\IS-5sem\IS_lab2\IS_lab2\main.cpp(152,16): warning C4566: character represented by universal-character-name '\u0433' cannot be represented in the current code page (1252)
C:\Users\olegk_y49ygml\OneDrive\Рабочий стол\University\IS-5sem\IS_lab2\IS_lab2\main.cpp(152,16): warning C4566: character represented by universal-character-name '\u0430' cannot be represented in the current code page (1252)
C:\Users\olegk_y49ygml\OneDrive\Рабочий стол\University\IS-5sem\IS_lab2\IS_lab2\main.cpp(152,16): warning C4566: character represented by universal-character-name '\u043C' cannot be represented in the current code page (1252)
C:\Users\olegk_y49ygml\OneDrive\Рабочий стол\University\IS-5sem\IS_lab2\IS_lab2\main.cpp(169,17): warning C4566: character represented by universal-character-name '\u0422' cannot be represented in the current code page (1252)
C:\Users\olegk_y49ygml\OneDrive\Рабочий стол\University\IS-5sem\IS_lab2\IS_lab2\main.cpp(169,17): warning C4566: character represented by universal-character-name '\u0430' cannot be represented in the current code page (1252)
C:\Users\olegk_y49ygml\OneDrive\Рабочий стол\University\IS-5sem\IS_lab2\IS_lab2\main.cpp(169,17): warning C4566: character represented by universal-character-name '\u043A' cannot be represented in the current code page (1252)
C:\Users\olegk_y49ygml\OneDrive\Рабочий стол\University\IS-5sem\IS_lab2\IS_lab2\main.cpp(169,17): warning C4566: character represented by universal-character-name '\u043E' cannot be represented in the current code page (1252)
C:\Users\olegk_y49ygml\OneDrive\Рабочий стол\University\IS-5sem\IS_lab2\IS_lab2\main.cpp(169,17): warning C4566: character represented by universal-character-name '\u0439' cannot be represented in the current code page (1252)
C:\Users\olegk_y49ygml\OneDrive\Рабочий стол\University\IS-5sem\IS_lab2\IS_lab2\main.cpp(169,17): warning C4566: character represented by universal-character-name '\u043F' cannot be represented in the current code page (1252)
C:\Users\olegk_y49ygml\OneDrive\Рабочий стол\University\IS-5sem\IS_lab2\IS_lab2\main.cpp(169,17): warning C4566: character represented by universal-character-name '\u0435' cannot be represented in the current code page (1252)
C:\Users\olegk_y49ygml\OneDrive\Рабочий стол\University\IS-5sem\IS_lab2\IS_lab2\main.cpp(169,17): warning C4566: character represented by universal-character-name '\u0440' cannot be represented in the current code page (1252)
C:\Users\olegk_y49ygml\OneDrive\Рабочий стол\University\IS-5sem\IS_lab2\IS_lab2\main.cpp(169,17): warning C4566: character represented by universal-character-name '\u0446' cannot be represented in the current code page (1252)
C:\Users\olegk_y49ygml\OneDrive\Рабочий стол\University\IS-5sem\IS_lab2\IS_lab2\main.cpp(169,17): warning C4566: character represented by universal-character-name '\u0438' cannot be represented in the current code page (1252)
C:\Users\olegk_y49ygml\OneDrive\Рабочий стол\University\IS-5sem\IS_lab2\IS_lab2\main.cpp(169,17): warning C4566: character represented by universal-character-name '\u043D' cannot be represented in the current code page (1252)
C:\Users\olegk_y49ygml\OneDrive\Рабочий стол\University\IS-5sem\IS_lab2\IS_lab2\main.cpp(169,17): warning C4566: character represented by universal-character-name '\u0442' cannot be represented in the current code page (1252)
  IS_lab2.vcxproj -> C:\Users\olegk_y49ygml\OneDrive\Рабочий стол\University\IS-5sem\IS_lab2\x64\Debug\IS_lab2.exe
